<?xml version="1.0" encoding="UTF-8"?>
<testsuite name="com.zereight.springboot.study.springboot.domain.posts.PostsRepositoryTest" tests="1" skipped="0" failures="0" errors="0" timestamp="2020-01-15T11:51:15" hostname="gimjeonghyeog-ui-MacBookPro.local" time="0.522">
  <properties/>
  <testcase name="BaseTimeEntity_등록" classname="com.zereight.springboot.study.springboot.domain.posts.PostsRepositoryTest" time="0.522"/>
  <system-out><![CDATA[20:51:04.227 [Test worker] DEBUG org.springframework.test.context.junit4.SpringJUnit4ClassRunner - SpringJUnit4ClassRunner constructor called with [class com.zereight.springboot.study.springboot.domain.posts.PostsRepositoryTest]
20:51:04.251 [Test worker] DEBUG org.springframework.test.context.BootstrapUtils - Instantiating CacheAwareContextLoaderDelegate from class [org.springframework.test.context.cache.DefaultCacheAwareContextLoaderDelegate]
20:51:04.267 [Test worker] DEBUG org.springframework.test.context.BootstrapUtils - Instantiating BootstrapContext using constructor [public org.springframework.test.context.support.DefaultBootstrapContext(java.lang.Class,org.springframework.test.context.CacheAwareContextLoaderDelegate)]
20:51:04.295 [Test worker] DEBUG org.springframework.test.context.BootstrapUtils - Instantiating TestContextBootstrapper for test class [com.zereight.springboot.study.springboot.domain.posts.PostsRepositoryTest] from class [org.springframework.boot.test.context.SpringBootTestContextBootstrapper]
20:51:04.314 [Test worker] INFO org.springframework.boot.test.context.SpringBootTestContextBootstrapper - Neither @ContextConfiguration nor @ContextHierarchy found for test class [com.zereight.springboot.study.springboot.domain.posts.PostsRepositoryTest], using SpringBootContextLoader
20:51:04.320 [Test worker] DEBUG org.springframework.test.context.support.AbstractContextLoader - Did not detect default resource location for test class [com.zereight.springboot.study.springboot.domain.posts.PostsRepositoryTest]: class path resource [com/zereight/springboot/study/springboot/domain/posts/PostsRepositoryTest-context.xml] does not exist
20:51:04.323 [Test worker] DEBUG org.springframework.test.context.support.AbstractContextLoader - Did not detect default resource location for test class [com.zereight.springboot.study.springboot.domain.posts.PostsRepositoryTest]: class path resource [com/zereight/springboot/study/springboot/domain/posts/PostsRepositoryTestContext.groovy] does not exist
20:51:04.324 [Test worker] INFO org.springframework.test.context.support.AbstractContextLoader - Could not detect default resource locations for test class [com.zereight.springboot.study.springboot.domain.posts.PostsRepositoryTest]: no resource found for suffixes {-context.xml, Context.groovy}.
20:51:04.327 [Test worker] INFO org.springframework.test.context.support.AnnotationConfigContextLoaderUtils - Could not detect default configuration classes for test class [com.zereight.springboot.study.springboot.domain.posts.PostsRepositoryTest]: PostsRepositoryTest does not declare any static, non-private, non-final, nested classes annotated with @Configuration.
20:51:04.402 [Test worker] DEBUG org.springframework.test.context.support.ActiveProfilesUtils - Could not find an 'annotation declaring class' for annotation type [org.springframework.test.context.ActiveProfiles] and class [com.zereight.springboot.study.springboot.domain.posts.PostsRepositoryTest]
20:51:04.517 [Test worker] DEBUG org.springframework.context.annotation.ClassPathScanningCandidateComponentProvider - Identified candidate component class: file [/Users/zereight/Desktop/dev/Springboot/build/classes/java/main/com/zereight/springboot/study/springboot/Application.class]
20:51:04.520 [Test worker] INFO org.springframework.boot.test.context.SpringBootTestContextBootstrapper - Found @SpringBootConfiguration com.zereight.springboot.study.springboot.Application for test class com.zereight.springboot.study.springboot.domain.posts.PostsRepositoryTest
20:51:04.662 [Test worker] DEBUG org.springframework.boot.test.context.SpringBootTestContextBootstrapper - @TestExecutionListeners is not present for class [com.zereight.springboot.study.springboot.domain.posts.PostsRepositoryTest]: using defaults.
20:51:04.663 [Test worker] INFO org.springframework.boot.test.context.SpringBootTestContextBootstrapper - Loaded default TestExecutionListener class names from location [META-INF/spring.factories]: [org.springframework.boot.test.autoconfigure.restdocs.RestDocsTestExecutionListener, org.springframework.boot.test.autoconfigure.web.client.MockRestServiceServerResetTestExecutionListener, org.springframework.boot.test.autoconfigure.web.servlet.MockMvcPrintOnlyOnFailureTestExecutionListener, org.springframework.boot.test.autoconfigure.web.servlet.WebDriverTestExecutionListener, org.springframework.boot.test.mock.mockito.MockitoTestExecutionListener, org.springframework.boot.test.mock.mockito.ResetMocksTestExecutionListener, org.springframework.test.context.web.ServletTestExecutionListener, org.springframework.test.context.support.DirtiesContextBeforeModesTestExecutionListener, org.springframework.test.context.support.DependencyInjectionTestExecutionListener, org.springframework.test.context.support.DirtiesContextTestExecutionListener, org.springframework.test.context.transaction.TransactionalTestExecutionListener, org.springframework.test.context.jdbc.SqlScriptsTestExecutionListener]
20:51:04.693 [Test worker] INFO org.springframework.boot.test.context.SpringBootTestContextBootstrapper - Using TestExecutionListeners: [org.springframework.test.context.web.ServletTestExecutionListener@53951d4b, org.springframework.test.context.support.DirtiesContextBeforeModesTestExecutionListener@5720a676, org.springframework.boot.test.mock.mockito.MockitoTestExecutionListener@3ff904da, org.springframework.boot.test.autoconfigure.SpringBootDependencyInjectionTestExecutionListener@6c3eeb8b, org.springframework.test.context.support.DirtiesContextTestExecutionListener@173acc02, org.springframework.test.context.transaction.TransactionalTestExecutionListener@457bdb85, org.springframework.test.context.jdbc.SqlScriptsTestExecutionListener@3253c824, org.springframework.boot.test.autoconfigure.restdocs.RestDocsTestExecutionListener@292a1f56, org.springframework.boot.test.autoconfigure.web.client.MockRestServiceServerResetTestExecutionListener@68319cad, org.springframework.boot.test.autoconfigure.web.servlet.MockMvcPrintOnlyOnFailureTestExecutionListener@738dc5dd, org.springframework.boot.test.autoconfigure.web.servlet.WebDriverTestExecutionListener@5f333160, org.springframework.boot.test.mock.mockito.ResetMocksTestExecutionListener@269a557f]
20:51:04.701 [Test worker] DEBUG org.springframework.test.annotation.ProfileValueUtils - Retrieved @ProfileValueSourceConfiguration [null] for test class [com.zereight.springboot.study.springboot.domain.posts.PostsRepositoryTest]
20:51:04.703 [Test worker] DEBUG org.springframework.test.annotation.ProfileValueUtils - Retrieved ProfileValueSource type [class org.springframework.test.annotation.SystemProfileValueSource] for class [com.zereight.springboot.study.springboot.domain.posts.PostsRepositoryTest]
20:51:04.712 [Test worker] DEBUG org.springframework.test.annotation.ProfileValueUtils - Retrieved @ProfileValueSourceConfiguration [null] for test class [com.zereight.springboot.study.springboot.domain.posts.PostsRepositoryTest]
20:51:04.712 [Test worker] DEBUG org.springframework.test.annotation.ProfileValueUtils - Retrieved ProfileValueSource type [class org.springframework.test.annotation.SystemProfileValueSource] for class [com.zereight.springboot.study.springboot.domain.posts.PostsRepositoryTest]
20:51:04.714 [Test worker] DEBUG org.springframework.test.annotation.ProfileValueUtils - Retrieved @ProfileValueSourceConfiguration [null] for test class [com.zereight.springboot.study.springboot.domain.posts.PostsRepositoryTest]
20:51:04.717 [Test worker] DEBUG org.springframework.test.annotation.ProfileValueUtils - Retrieved ProfileValueSource type [class org.springframework.test.annotation.SystemProfileValueSource] for class [com.zereight.springboot.study.springboot.domain.posts.PostsRepositoryTest]
20:51:04.724 [Test worker] DEBUG org.springframework.test.context.support.AbstractDirtiesContextTestExecutionListener - Before test class: context [DefaultTestContext@3adcaa1 testClass = PostsRepositoryTest, testInstance = [null], testMethod = [null], testException = [null], mergedContextConfiguration = [WebMergedContextConfiguration@301e8290 testClass = PostsRepositoryTest, locations = '{}', classes = '{class com.zereight.springboot.study.springboot.Application}', contextInitializerClasses = '[]', activeProfiles = '{}', propertySourceLocations = '{}', propertySourceProperties = '{org.springframework.boot.test.context.SpringBootTestContextBootstrapper=true}', contextCustomizers = set[org.springframework.boot.test.autoconfigure.properties.PropertyMappingContextCustomizer@0, org.springframework.boot.test.autoconfigure.web.servlet.WebDriverContextCustomizerFactory$Customizer@11b09b24, org.springframework.boot.test.context.filter.ExcludeFilterContextCustomizer@3ee953b9, org.springframework.boot.test.json.DuplicateJsonObjectContextCustomizerFactory$DuplicateJsonObjectContextCustomizer@a0b303c, org.springframework.boot.test.mock.mockito.MockitoContextCustomizer@0, org.springframework.boot.test.web.client.TestRestTemplateContextCustomizer@6264bbe3], resourceBasePath = 'src/main/webapp', contextLoader = 'org.springframework.boot.test.context.SpringBootContextLoader', parent = [null]], attributes = map['org.springframework.test.context.web.ServletTestExecutionListener.activateListener' -> true]], class annotated with @DirtiesContext [false] with mode [null].
20:51:04.726 [Test worker] DEBUG org.springframework.test.annotation.ProfileValueUtils - Retrieved @ProfileValueSourceConfiguration [null] for test class [com.zereight.springboot.study.springboot.domain.posts.PostsRepositoryTest]
20:51:04.727 [Test worker] DEBUG org.springframework.test.annotation.ProfileValueUtils - Retrieved ProfileValueSource type [class org.springframework.test.annotation.SystemProfileValueSource] for class [com.zereight.springboot.study.springboot.domain.posts.PostsRepositoryTest]
20:51:04.760 [Test worker] DEBUG org.springframework.test.context.support.TestPropertySourceUtils - Adding inlined properties to environment: {spring.jmx.enabled=false, org.springframework.boot.test.context.SpringBootTestContextBootstrapper=true, server.port=-1}

  .   ____          _            __ _ _
 /\\ / ___'_ __ _ _(_)_ __  __ _ \ \ \ \
( ( )\___ | '_ | '_| | '_ \/ _` | \ \ \ \
 \\/  ___)| |_)| | | | | || (_| |  ) ) ) )
  '  |____| .__|_| |_|_| |_\__, | / / / /
 =========|_|==============|___/=/_/_/_/
 :: Spring Boot ::        (v2.1.7.RELEASE)

2020-01-15 20:51:10.187  INFO 5687 --- [    Test worker] c.z.s.s.s.d.posts.PostsRepositoryTest    : Starting PostsRepositoryTest on gimjeonghyeog-ui-MacBookPro.local with PID 5687 (started by zereight in /Users/zereight/Desktop/dev/Springboot)
2020-01-15 20:51:10.193  INFO 5687 --- [    Test worker] c.z.s.s.s.d.posts.PostsRepositoryTest    : No active profile set, falling back to default profiles: default
2020-01-15 20:51:11.040  INFO 5687 --- [    Test worker] .s.d.r.c.RepositoryConfigurationDelegate : Bootstrapping Spring Data repositories in DEFAULT mode.
2020-01-15 20:51:11.173  INFO 5687 --- [    Test worker] .s.d.r.c.RepositoryConfigurationDelegate : Finished Spring Data repository scanning in 107ms. Found 1 repository interfaces.
2020-01-15 20:51:11.734  INFO 5687 --- [    Test worker] trationDelegate$BeanPostProcessorChecker : Bean 'org.springframework.transaction.annotation.ProxyTransactionManagementConfiguration' of type [org.springframework.transaction.annotation.ProxyTransactionManagementConfiguration$$EnhancerBySpringCGLIB$$363d2bcc] is not eligible for getting processed by all BeanPostProcessors (for example: not eligible for auto-proxying)
2020-01-15 20:51:12.052  INFO 5687 --- [    Test worker] com.zaxxer.hikari.HikariDataSource       : HikariPool-1 - Starting...
2020-01-15 20:51:12.253  INFO 5687 --- [    Test worker] com.zaxxer.hikari.HikariDataSource       : HikariPool-1 - Start completed.
2020-01-15 20:51:12.397  INFO 5687 --- [    Test worker] o.hibernate.jpa.internal.util.LogHelper  : HHH000204: Processing PersistenceUnitInfo [
	name: default
	...]
2020-01-15 20:51:12.471  INFO 5687 --- [    Test worker] org.hibernate.Version                    : HHH000412: Hibernate Core {5.3.10.Final}
2020-01-15 20:51:12.473  INFO 5687 --- [    Test worker] org.hibernate.cfg.Environment            : HHH000206: hibernate.properties not found
2020-01-15 20:51:12.697  INFO 5687 --- [    Test worker] o.hibernate.annotations.common.Version   : HCANN000001: Hibernate Commons Annotations {5.0.4.Final}
2020-01-15 20:51:12.853  INFO 5687 --- [    Test worker] org.hibernate.dialect.Dialect            : HHH000400: Using dialect: org.hibernate.dialect.MySQL5InnoDBDialect
Hibernate: drop table if exists posts
Hibernate: create table posts (id bigint not null auto_increment, created_date datetime, modified_date datetime, author varchar(255) not null, content TEXT not null, title varchar(500) not null, primary key (id)) engine=InnoDB
2020-01-15 20:51:13.651  INFO 5687 --- [    Test worker] o.h.t.schema.internal.SchemaCreatorImpl  : HHH000476: Executing import script 'org.hibernate.tool.schema.internal.exec.ScriptSourceInputNonExistentImpl@c58db87'
2020-01-15 20:51:13.658  INFO 5687 --- [    Test worker] j.LocalContainerEntityManagerFactoryBean : Initialized JPA EntityManagerFactory for persistence unit 'default'
2020-01-15 20:51:14.802  INFO 5687 --- [    Test worker] o.s.s.concurrent.ThreadPoolTaskExecutor  : Initializing ExecutorService 'applicationTaskExecutor'
2020-01-15 20:51:14.861  WARN 5687 --- [    Test worker] aWebConfiguration$JpaWebMvcConfiguration : spring.jpa.open-in-view is enabled by default. Therefore, database queries may be performed during view rendering. Explicitly configure spring.jpa.open-in-view to disable this warning
2020-01-15 20:51:15.248  INFO 5687 --- [    Test worker] c.z.s.s.s.d.posts.PostsRepositoryTest    : Started PostsRepositoryTest in 10.465 seconds (JVM running for 11.986)
Hibernate: insert into posts (created_date, modified_date, author, content, title) values (?, ?, ?, ?, ?)
2020-01-15 20:51:15.574  INFO 5687 --- [    Test worker] o.h.h.i.QueryTranslatorFactoryInitiator  : HHH000397: Using ASTQueryTranslatorFactory
Hibernate: select posts0_.id as id1_0_, posts0_.created_date as created_2_0_, posts0_.modified_date as modified3_0_, posts0_.author as author4_0_, posts0_.content as content5_0_, posts0_.title as title6_0_ from posts posts0_
>>>>> createDate= 2020-01-15T20:51:15.466332, modifiedDate: 2020-01-15T20:51:15.466332
Hibernate: select posts0_.id as id1_0_, posts0_.created_date as created_2_0_, posts0_.modified_date as modified3_0_, posts0_.author as author4_0_, posts0_.content as content5_0_, posts0_.title as title6_0_ from posts posts0_
Hibernate: delete from posts where id=?
]]></system-out>
  <system-err><![CDATA[]]></system-err>
</testsuite>
